Build started 17.4.2015 11:55:27.
     1>Project "C:\Users\ttv14slaurih\Documents\GitHub\ExtremeTetris\Extreme Tetris\Extreme Tetris\Extreme Tetris.vcxproj" on node 2 (Build target(s)).
     1>ClCompile:
         C:\Program Files (x86)\Microsoft Visual Studio 12.0\VC\bin\CL.exe /c /I"C:\Users\ttv14slaurih\Documents\GitHub\ExtremeTetris\Extreme Tetris\..\SFML-2.2\include" /ZI /nologo /W4 /WX- /Od /Oy- /D SFML_STATIC /D WIN32 /D _DEBUG /D _WINDOWS /D _UNICODE /D UNICODE /Gm /EHsc /RTC1 /MDd /GS /fp:precise /Zc:wchar_t /Zc:forScope /Fo"Debug\\" /Fd"Debug\vc120.pdb" /Gd /TP /analyze- /errorReport:prompt Block_I.cpp Block_J.cpp Block_L.cpp Block_O.cpp Block_S.cpp Block_T.cpp Block_Z.cpp Blocks.cpp Game.cpp GameState.cpp InputManager.cpp InputState.cpp Main.cpp MainMenu.cpp MultiplayerState.cpp OptionsState.cpp StateStart.cpp
         StateStart.cpp
     1>c:\users\ttv14slaurih\documents\github\extremetetris\extreme tetris\extreme tetris\statestart.cpp(24): warning C4244: 'argument' : conversion from 'int' to 'float', possible loss of data
     1>c:\users\ttv14slaurih\documents\github\extremetetris\extreme tetris\extreme tetris\statestart.cpp(36): warning C4244: 'argument' : conversion from 'double' to 'float', possible loss of data
     1>c:\users\ttv14slaurih\documents\github\extremetetris\extreme tetris\extreme tetris\statestart.cpp(36): warning C4244: 'argument' : conversion from 'int' to 'float', possible loss of data
     1>c:\users\ttv14slaurih\documents\github\extremetetris\extreme tetris\extreme tetris\statestart.cpp(40): warning C4018: '<' : signed/unsigned mismatch
     1>c:\users\ttv14slaurih\documents\github\extremetetris\extreme tetris\extreme tetris\statestart.cpp(53): warning C4018: '<' : signed/unsigned mismatch
     1>c:\users\ttv14slaurih\documents\github\extremetetris\extreme tetris\extreme tetris\statestart.cpp(62): warning C4018: '<' : signed/unsigned mismatch
     1>c:\users\ttv14slaurih\documents\github\extremetetris\extreme tetris\extreme tetris\statestart.cpp(67): warning C4018: '<' : signed/unsigned mismatch
     1>c:\users\ttv14slaurih\documents\github\extremetetris\extreme tetris\extreme tetris\statestart.cpp(46): warning C4100: 'dt' : unreferenced formal parameter
     1>c:\users\ttv14slaurih\documents\github\extremetetris\extreme tetris\extreme tetris\statestart.cpp(119): warning C4018: '<' : signed/unsigned mismatch
     1>c:\users\ttv14slaurih\documents\github\extremetetris\extreme tetris\extreme tetris\statestart.cpp(149): warning C4018: '<' : signed/unsigned mismatch
     1>c:\users\ttv14slaurih\documents\github\extremetetris\extreme tetris\extreme tetris\statestart.cpp(178): warning C4018: '<' : signed/unsigned mismatch
     1>c:\users\ttv14slaurih\documents\github\extremetetris\extreme tetris\extreme tetris\statestart.cpp(274): warning C4018: '<' : signed/unsigned mismatch
     1>c:\users\ttv14slaurih\documents\github\extremetetris\extreme tetris\extreme tetris\statestart.cpp(220): warning C4100: 'dt' : unreferenced formal parameter
         OptionsState.cpp
     1>c:\users\ttv14slaurih\documents\github\extremetetris\extreme tetris\extreme tetris\optionsstate.cpp(11): warning C4100: 'dt' : unreferenced formal parameter
     1>c:\users\ttv14slaurih\documents\github\extremetetris\extreme tetris\extreme tetris\optionsstate.cpp(118): warning C4100: 'dt' : unreferenced formal parameter
         MultiplayerState.cpp
     1>c:\users\ttv14slaurih\documents\github\extremetetris\extreme tetris\extreme tetris\multiplayerstate.cpp(33): warning C4244: 'argument' : conversion from 'int' to 'float', possible loss of data
     1>c:\users\ttv14slaurih\documents\github\extremetetris\extreme tetris\extreme tetris\multiplayerstate.cpp(37): warning C4244: 'argument' : conversion from 'double' to 'float', possible loss of data
     1>c:\users\ttv14slaurih\documents\github\extremetetris\extreme tetris\extreme tetris\multiplayerstate.cpp(37): warning C4244: 'argument' : conversion from 'int' to 'float', possible loss of data
     1>c:\users\ttv14slaurih\documents\github\extremetetris\extreme tetris\extreme tetris\multiplayerstate.cpp(52): warning C4244: 'argument' : conversion from 'int' to 'float', possible loss of data
     1>c:\users\ttv14slaurih\documents\github\extremetetris\extreme tetris\extreme tetris\multiplayerstate.cpp(57): warning C4244: 'argument' : conversion from 'int' to 'float', possible loss of data
     1>c:\users\ttv14slaurih\documents\github\extremetetris\extreme tetris\extreme tetris\multiplayerstate.cpp(61): warning C4244: 'argument' : conversion from 'double' to 'float', possible loss of data
     1>c:\users\ttv14slaurih\documents\github\extremetetris\extreme tetris\extreme tetris\multiplayerstate.cpp(77): warning C4018: '<' : signed/unsigned mismatch
     1>c:\users\ttv14slaurih\documents\github\extremetetris\extreme tetris\extreme tetris\multiplayerstate.cpp(85): warning C4018: '<' : signed/unsigned mismatch
     1>c:\users\ttv14slaurih\documents\github\extremetetris\extreme tetris\extreme tetris\multiplayerstate.cpp(67): warning C4100: 'dt' : unreferenced formal parameter
     1>c:\users\ttv14slaurih\documents\github\extremetetris\extreme tetris\extreme tetris\multiplayerstate.cpp(195): warning C4100: 'dt' : unreferenced formal parameter
         MainMenu.cpp
     1>c:\users\ttv14slaurih\documents\github\extremetetris\extreme tetris\extreme tetris\mainmenu.cpp(12): warning C4100: 'dt' : unreferenced formal parameter
     1>c:\users\ttv14slaurih\documents\github\extremetetris\extreme tetris\extreme tetris\mainmenu.cpp(93): warning C4100: 'dt' : unreferenced formal parameter
         Main.cpp
     1>c:\users\ttv14slaurih\documents\github\extremetetris\extreme tetris\extreme tetris\main.cpp(6): warning C4244: 'argument' : conversion from 'time_t' to 'unsigned int', possible loss of data
         InputState.cpp
     1>c:\users\ttv14slaurih\documents\github\extremetetris\extreme tetris\extreme tetris\inputstate.cpp(10): warning C4100: 'dt' : unreferenced formal parameter
     1>c:\users\ttv14slaurih\documents\github\extremetetris\extreme tetris\extreme tetris\inputstate.cpp(140): warning C4100: 'dt' : unreferenced formal parameter
         InputManager.cpp
         GameState.cpp
         Game.cpp
     1>c:\users\ttv14slaurih\documents\github\extremetetris\extreme tetris\extreme tetris\game.cpp(69): warning C4244: 'argument' : conversion from 'float' to 'unsigned int', possible loss of data
         Blocks.cpp
     1>c:\users\ttv14slaurih\documents\github\extremetetris\extreme tetris\extreme tetris\blocks.cpp(44): warning C4244: 'argument' : conversion from 'int' to 'float', possible loss of data
     1>c:\users\ttv14slaurih\documents\github\extremetetris\extreme tetris\extreme tetris\blocks.cpp(52): warning C4244: 'argument' : conversion from 'int' to 'float', possible loss of data
     1>c:\users\ttv14slaurih\documents\github\extremetetris\extreme tetris\extreme tetris\blocks.cpp(155): warning C4244: 'argument' : conversion from 'int' to 'float', possible loss of data
     1>c:\users\ttv14slaurih\documents\github\extremetetris\extreme tetris\extreme tetris\blocks.cpp(162): warning C4244: 'argument' : conversion from 'int' to 'float', possible loss of data
         Block_Z.cpp
     1>c:\users\ttv14slaurih\documents\github\extremetetris\extreme tetris\extreme tetris\block_z.cpp(23): warning C4244: 'argument' : conversion from 'int' to 'float', possible loss of data
     1>c:\users\ttv14slaurih\documents\github\extremetetris\extreme tetris\extreme tetris\block_z.cpp(45): warning C4244: 'argument' : conversion from 'int' to 'float', possible loss of data
     1>c:\users\ttv14slaurih\documents\github\extremetetris\extreme tetris\extreme tetris\block_z.cpp(46): warning C4244: 'argument' : conversion from 'int' to 'float', possible loss of data
     1>c:\users\ttv14slaurih\documents\github\extremetetris\extreme tetris\extreme tetris\block_z.cpp(50): warning C4244: 'argument' : conversion from 'int' to 'float', possible loss of data
     1>c:\users\ttv14slaurih\documents\github\extremetetris\extreme tetris\extreme tetris\block_z.cpp(51): warning C4244: 'argument' : conversion from 'int' to 'float', possible loss of data
         Block_T.cpp
     1>c:\users\ttv14slaurih\documents\github\extremetetris\extreme tetris\extreme tetris\block_t.cpp(23): warning C4244: 'argument' : conversion from 'int' to 'float', possible loss of data
     1>c:\users\ttv14slaurih\documents\github\extremetetris\extreme tetris\extreme tetris\block_t.cpp(46): warning C4244: 'argument' : conversion from 'int' to 'float', possible loss of data
     1>c:\users\ttv14slaurih\documents\github\extremetetris\extreme tetris\extreme tetris\block_t.cpp(47): warning C4244: 'argument' : conversion from 'int' to 'float', possible loss of data
     1>c:\users\ttv14slaurih\documents\github\extremetetris\extreme tetris\extreme tetris\block_t.cpp(48): warning C4244: 'argument' : conversion from 'int' to 'float', possible loss of data
     1>c:\users\ttv14slaurih\documents\github\extremetetris\extreme tetris\extreme tetris\block_t.cpp(52): warning C4244: 'argument' : conversion from 'int' to 'float', possible loss of data
     1>c:\users\ttv14slaurih\documents\github\extremetetris\extreme tetris\extreme tetris\block_t.cpp(56): warning C4244: 'argument' : conversion from 'int' to 'float', possible loss of data
     1>c:\users\ttv14slaurih\documents\github\extremetetris\extreme tetris\extreme tetris\block_t.cpp(60): warning C4244: 'argument' : conversion from 'int' to 'float', possible loss of data
     1>c:\users\ttv14slaurih\documents\github\extremetetris\extreme tetris\extreme tetris\block_t.cpp(69): warning C4244: 'argument' : conversion from 'int' to 'float', possible loss of data
     1>c:\users\ttv14slaurih\documents\github\extremetetris\extreme tetris\extreme tetris\block_t.cpp(73): warning C4244: 'argument' : conversion from 'int' to 'float', possible loss of data
     1>c:\users\ttv14slaurih\documents\github\extremetetris\extreme tetris\extreme tetris\block_t.cpp(77): warning C4244: 'argument' : conversion from 'int' to 'float', possible loss of data
     1>c:\users\ttv14slaurih\documents\github\extremetetris\extreme tetris\extreme tetris\block_t.cpp(81): warning C4244: 'argument' : conversion from 'int' to 'float', possible loss of data
     1>c:\users\ttv14slaurih\documents\github\extremetetris\extreme tetris\extreme tetris\block_t.cpp(82): warning C4244: 'argument' : conversion from 'int' to 'float', possible loss of data
     1>c:\users\ttv14slaurih\documents\github\extremetetris\extreme tetris\extreme tetris\block_t.cpp(83): warning C4244: 'argument' : conversion from 'int' to 'float', possible loss of data
         Block_S.cpp
     1>c:\users\ttv14slaurih\documents\github\extremetetris\extreme tetris\extreme tetris\block_s.cpp(23): warning C4244: 'argument' : conversion from 'int' to 'float', possible loss of data
     1>c:\users\ttv14slaurih\documents\github\extremetetris\extreme tetris\extreme tetris\block_s.cpp(45): warning C4244: 'argument' : conversion from 'int' to 'float', possible loss of data
     1>c:\users\ttv14slaurih\documents\github\extremetetris\extreme tetris\extreme tetris\block_s.cpp(46): warning C4244: 'argument' : conversion from 'int' to 'float', possible loss of data
     1>c:\users\ttv14slaurih\documents\github\extremetetris\extreme tetris\extreme tetris\block_s.cpp(50): warning C4244: 'argument' : conversion from 'int' to 'float', possible loss of data
     1>c:\users\ttv14slaurih\documents\github\extremetetris\extreme tetris\extreme tetris\block_s.cpp(51): warning C4244: 'argument' : conversion from 'int' to 'float', possible loss of data
         Block_O.cpp
     1>c:\users\ttv14slaurih\documents\github\extremetetris\extreme tetris\extreme tetris\block_o.cpp(22): warning C4244: 'argument' : conversion from 'int' to 'float', possible loss of data
     1>c:\users\ttv14slaurih\documents\github\extremetetris\extreme tetris\extreme tetris\block_o.cpp(40): warning C4100: 'rotation' : unreferenced formal parameter
         Block_L.cpp
     1>c:\users\ttv14slaurih\documents\github\extremetetris\extreme tetris\extreme tetris\block_l.cpp(23): warning C4244: 'argument' : conversion from 'int' to 'float', possible loss of data
     1>c:\users\ttv14slaurih\documents\github\extremetetris\extreme tetris\extreme tetris\block_l.cpp(46): warning C4244: 'argument' : conversion from 'int' to 'float', possible loss of data
     1>c:\users\ttv14slaurih\documents\github\extremetetris\extreme tetris\extreme tetris\block_l.cpp(47): warning C4244: 'argument' : conversion from 'int' to 'float', possible loss of data
     1>c:\users\ttv14slaurih\documents\github\extremetetris\extreme tetris\extreme tetris\block_l.cpp(48): warning C4244: 'argument' : conversion from 'int' to 'float', possible loss of data
     1>c:\users\ttv14slaurih\documents\github\extremetetris\extreme tetris\extreme tetris\block_l.cpp(52): warning C4244: 'argument' : conversion from 'int' to 'float', possible loss of data
     1>c:\users\ttv14slaurih\documents\github\extremetetris\extreme tetris\extreme tetris\block_l.cpp(53): warning C4244: 'argument' : conversion from 'int' to 'float', possible loss of data
     1>c:\users\ttv14slaurih\documents\github\extremetetris\extreme tetris\extreme tetris\block_l.cpp(54): warning C4244: 'argument' : conversion from 'int' to 'float', possible loss of data
     1>c:\users\ttv14slaurih\documents\github\extremetetris\extreme tetris\extreme tetris\block_l.cpp(58): warning C4244: 'argument' : conversion from 'int' to 'float', possible loss of data
     1>c:\users\ttv14slaurih\documents\github\extremetetris\extreme tetris\extreme tetris\block_l.cpp(59): warning C4244: 'argument' : conversion from 'int' to 'float', possible loss of data
     1>c:\users\ttv14slaurih\documents\github\extremetetris\extreme tetris\extreme tetris\block_l.cpp(60): warning C4244: 'argument' : conversion from 'int' to 'float', possible loss of data
     1>c:\users\ttv14slaurih\documents\github\extremetetris\extreme tetris\extreme tetris\block_l.cpp(64): warning C4244: 'argument' : conversion from 'int' to 'float', possible loss of data
     1>c:\users\ttv14slaurih\documents\github\extremetetris\extreme tetris\extreme tetris\block_l.cpp(65): warning C4244: 'argument' : conversion from 'int' to 'float', possible loss of data
     1>c:\users\ttv14slaurih\documents\github\extremetetris\extreme tetris\extreme tetris\block_l.cpp(66): warning C4244: 'argument' : conversion from 'int' to 'float', possible loss of data
     1>c:\users\ttv14slaurih\documents\github\extremetetris\extreme tetris\extreme tetris\block_l.cpp(75): warning C4244: 'argument' : conversion from 'int' to 'float', possible loss of data
     1>c:\users\ttv14slaurih\documents\github\extremetetris\extreme tetris\extreme tetris\block_l.cpp(76): warning C4244: 'argument' : conversion from 'int' to 'float', possible loss of data
     1>c:\users\ttv14slaurih\documents\github\extremetetris\extreme tetris\extreme tetris\block_l.cpp(77): warning C4244: 'argument' : conversion from 'int' to 'float', possible loss of data
     1>c:\users\ttv14slaurih\documents\github\extremetetris\extreme tetris\extreme tetris\block_l.cpp(81): warning C4244: 'argument' : conversion from 'int' to 'float', possible loss of data
     1>c:\users\ttv14slaurih\documents\github\extremetetris\extreme tetris\extreme tetris\block_l.cpp(82): warning C4244: 'argument' : conversion from 'int' to 'float', possible loss of data
     1>c:\users\ttv14slaurih\documents\github\extremetetris\extreme tetris\extreme tetris\block_l.cpp(83): warning C4244: 'argument' : conversion from 'int' to 'float', possible loss of data
     1>c:\users\ttv14slaurih\documents\github\extremetetris\extreme tetris\extreme tetris\block_l.cpp(87): warning C4244: 'argument' : conversion from 'int' to 'float', possible loss of data
     1>c:\users\ttv14slaurih\documents\github\extremetetris\extreme tetris\extreme tetris\block_l.cpp(88): warning C4244: 'argument' : conversion from 'int' to 'float', possible loss of data
     1>c:\users\ttv14slaurih\documents\github\extremetetris\extreme tetris\extreme tetris\block_l.cpp(89): warning C4244: 'argument' : conversion from 'int' to 'float', possible loss of data
     1>c:\users\ttv14slaurih\documents\github\extremetetris\extreme tetris\extreme tetris\block_l.cpp(93): warning C4244: 'argument' : conversion from 'int' to 'float', possible loss of data
     1>c:\users\ttv14slaurih\documents\github\extremetetris\extreme tetris\extreme tetris\block_l.cpp(94): warning C4244: 'argument' : conversion from 'int' to 'float', possible loss of data
     1>c:\users\ttv14slaurih\documents\github\extremetetris\extreme tetris\extreme tetris\block_l.cpp(95): warning C4244: 'argument' : conversion from 'int' to 'float', possible loss of data
         Block_J.cpp
     1>c:\users\ttv14slaurih\documents\github\extremetetris\extreme tetris\extreme tetris\block_j.cpp(23): warning C4244: 'argument' : conversion from 'int' to 'float', possible loss of data
     1>c:\users\ttv14slaurih\documents\github\extremetetris\extreme tetris\extreme tetris\block_j.cpp(45): warning C4244: 'argument' : conversion from 'int' to 'float', possible loss of data
     1>c:\users\ttv14slaurih\documents\github\extremetetris\extreme tetris\extreme tetris\block_j.cpp(46): warning C4244: 'argument' : conversion from 'int' to 'float', possible loss of data
     1>c:\users\ttv14slaurih\documents\github\extremetetris\extreme tetris\extreme tetris\block_j.cpp(47): warning C4244: 'argument' : conversion from 'int' to 'float', possible loss of data
     1>c:\users\ttv14slaurih\documents\github\extremetetris\extreme tetris\extreme tetris\block_j.cpp(51): warning C4244: 'argument' : conversion from 'int' to 'float', possible loss of data
     1>c:\users\ttv14slaurih\documents\github\extremetetris\extreme tetris\extreme tetris\block_j.cpp(52): warning C4244: 'argument' : conversion from 'int' to 'float', possible loss of data
     1>c:\users\ttv14slaurih\documents\github\extremetetris\extreme tetris\extreme tetris\block_j.cpp(53): warning C4244: 'argument' : conversion from 'int' to 'float', possible loss of data
     1>c:\users\ttv14slaurih\documents\github\extremetetris\extreme tetris\extreme tetris\block_j.cpp(57): warning C4244: 'argument' : conversion from 'int' to 'float', possible loss of data
     1>c:\users\ttv14slaurih\documents\github\extremetetris\extreme tetris\extreme tetris\block_j.cpp(58): warning C4244: 'argument' : conversion from 'int' to 'float', possible loss of data
     1>c:\users\ttv14slaurih\documents\github\extremetetris\extreme tetris\extreme tetris\block_j.cpp(59): warning C4244: 'argument' : conversion from 'int' to 'float', possible loss of data
     1>c:\users\ttv14slaurih\documents\github\extremetetris\extreme tetris\extreme tetris\block_j.cpp(63): warning C4244: 'argument' : conversion from 'int' to 'float', possible loss of data
     1>c:\users\ttv14slaurih\documents\github\extremetetris\extreme tetris\extreme tetris\block_j.cpp(64): warning C4244: 'argument' : conversion from 'int' to 'float', possible loss of data
     1>c:\users\ttv14slaurih\documents\github\extremetetris\extreme tetris\extreme tetris\block_j.cpp(65): warning C4244: 'argument' : conversion from 'int' to 'float', possible loss of data
     1>c:\users\ttv14slaurih\documents\github\extremetetris\extreme tetris\extreme tetris\block_j.cpp(74): warning C4244: 'argument' : conversion from 'int' to 'float', possible loss of data
     1>c:\users\ttv14slaurih\documents\github\extremetetris\extreme tetris\extreme tetris\block_j.cpp(75): warning C4244: 'argument' : conversion from 'int' to 'float', possible loss of data
     1>c:\users\ttv14slaurih\documents\github\extremetetris\extreme tetris\extreme tetris\block_j.cpp(76): warning C4244: 'argument' : conversion from 'int' to 'float', possible loss of data
     1>c:\users\ttv14slaurih\documents\github\extremetetris\extreme tetris\extreme tetris\block_j.cpp(80): warning C4244: 'argument' : conversion from 'int' to 'float', possible loss of data
     1>c:\users\ttv14slaurih\documents\github\extremetetris\extreme tetris\extreme tetris\block_j.cpp(81): warning C4244: 'argument' : conversion from 'int' to 'float', possible loss of data
     1>c:\users\ttv14slaurih\documents\github\extremetetris\extreme tetris\extreme tetris\block_j.cpp(82): warning C4244: 'argument' : conversion from 'int' to 'float', possible loss of data
     1>c:\users\ttv14slaurih\documents\github\extremetetris\extreme tetris\extreme tetris\block_j.cpp(86): warning C4244: 'argument' : conversion from 'int' to 'float', possible loss of data
     1>c:\users\ttv14slaurih\documents\github\extremetetris\extreme tetris\extreme tetris\block_j.cpp(87): warning C4244: 'argument' : conversion from 'int' to 'float', possible loss of data
     1>c:\users\ttv14slaurih\documents\github\extremetetris\extreme tetris\extreme tetris\block_j.cpp(88): warning C4244: 'argument' : conversion from 'int' to 'float', possible loss of data
     1>c:\users\ttv14slaurih\documents\github\extremetetris\extreme tetris\extreme tetris\block_j.cpp(92): warning C4244: 'argument' : conversion from 'int' to 'float', possible loss of data
     1>c:\users\ttv14slaurih\documents\github\extremetetris\extreme tetris\extreme tetris\block_j.cpp(93): warning C4244: 'argument' : conversion from 'int' to 'float', possible loss of data
     1>c:\users\ttv14slaurih\documents\github\extremetetris\extreme tetris\extreme tetris\block_j.cpp(94): warning C4244: 'argument' : conversion from 'int' to 'float', possible loss of data
         Block_I.cpp
     1>c:\users\ttv14slaurih\documents\github\extremetetris\extreme tetris\extreme tetris\block_i.cpp(23): warning C4244: 'argument' : conversion from 'int' to 'float', possible loss of data
     1>c:\users\ttv14slaurih\documents\github\extremetetris\extreme tetris\extreme tetris\block_i.cpp(45): warning C4244: 'argument' : conversion from 'int' to 'float', possible loss of data
     1>c:\users\ttv14slaurih\documents\github\extremetetris\extreme tetris\extreme tetris\block_i.cpp(46): warning C4244: 'argument' : conversion from 'int' to 'float', possible loss of data
     1>c:\users\ttv14slaurih\documents\github\extremetetris\extreme tetris\extreme tetris\block_i.cpp(47): warning C4244: 'argument' : conversion from 'int' to 'float', possible loss of data
     1>c:\users\ttv14slaurih\documents\github\extremetetris\extreme tetris\extreme tetris\block_i.cpp(51): warning C4244: 'argument' : conversion from 'int' to 'float', possible loss of data
     1>c:\users\ttv14slaurih\documents\github\extremetetris\extreme tetris\extreme tetris\block_i.cpp(52): warning C4244: 'argument' : conversion from 'int' to 'float', possible loss of data
     1>c:\users\ttv14slaurih\documents\github\extremetetris\extreme tetris\extreme tetris\block_i.cpp(53): warning C4244: 'argument' : conversion from 'int' to 'float', possible loss of data
         Generating Code...
       Link:
         C:\Program Files (x86)\Microsoft Visual Studio 12.0\VC\bin\link.exe /ERRORREPORT:PROMPT /OUT:"C:\Users\ttv14slaurih\Documents\GitHub\ExtremeTetris\Extreme Tetris\Debug\Extreme Tetris.exe" /INCREMENTAL /NOLOGO /LIBPATH:"C:\Users\ttv14slaurih\Documents\GitHub\ExtremeTetris\Extreme Tetris\..\SFML-2.2\lib" freetype.lib glew.lib jpeg.lib opengl32.lib "sfml-graphics-s-d.lib" "sfml-window-s-d.lib" "sfml-system-s-d.lib" winmm.lib kernel32.lib user32.lib gdi32.lib winspool.lib comdlg32.lib advapi32.lib shell32.lib ole32.lib oleaut32.lib uuid.lib odbc32.lib odbccp32.lib /MANIFEST /MANIFESTUAC:"level='asInvoker' uiAccess='false'" /manifest:embed /DEBUG /PDB:"C:\Users\ttv14slaurih\Documents\GitHub\ExtremeTetris\Extreme Tetris\Debug\Extreme Tetris.pdb" /SUBSYSTEM:CONSOLE /TLBID:1 /ENTRY:"mainCRTStartup" /DYNAMICBASE /NXCOMPAT /IMPLIB:"C:\Users\ttv14slaurih\Documents\GitHub\ExtremeTetris\Extreme Tetris\Debug\Extreme Tetris.lib" /MACHINE:X86 Debug\Blocks.obj
         Debug\Block_I.obj
         Debug\Block_J.obj
         Debug\Block_L.obj
         Debug\Block_O.obj
         Debug\Block_S.obj
         Debug\Block_T.obj
         Debug\Block_Z.obj
         Debug\Game.obj
         Debug\GameState.obj
         Debug\InputManager.obj
         Debug\InputState.obj
         Debug\Main.obj
         Debug\MainMenu.obj
         Debug\MultiplayerState.obj
         Debug\OptionsState.obj
         Debug\StateStart.obj
         LINK : C:\Users\ttv14slaurih\Documents\GitHub\ExtremeTetris\Extreme Tetris\Debug\Extreme Tetris.exe not found or not built by the last incremental link; performing full link
     1>sfml-graphics-s-d.lib(BlendMode.cpp.obj) : warning LNK4099: PDB 'vc120.pdb' was not found with 'sfml-graphics-s-d.lib(BlendMode.cpp.obj)' or at 'C:\Users\ttv14slaurih\Documents\GitHub\ExtremeTetris\Extreme Tetris\Debug\vc120.pdb'; linking object as if no debug info
     1>sfml-graphics-s-d.lib(Color.cpp.obj) : warning LNK4099: PDB 'vc120.pdb' was not found with 'sfml-graphics-s-d.lib(Color.cpp.obj)' or at 'C:\Users\ttv14slaurih\Documents\GitHub\ExtremeTetris\Extreme Tetris\Debug\vc120.pdb'; linking object as if no debug info
     1>sfml-graphics-s-d.lib(Font.cpp.obj) : warning LNK4099: PDB 'vc120.pdb' was not found with 'sfml-graphics-s-d.lib(Font.cpp.obj)' or at 'C:\Users\ttv14slaurih\Documents\GitHub\ExtremeTetris\Extreme Tetris\Debug\vc120.pdb'; linking object as if no debug info
     1>sfml-graphics-s-d.lib(GLCheck.cpp.obj) : warning LNK4099: PDB 'vc120.pdb' was not found with 'sfml-graphics-s-d.lib(GLCheck.cpp.obj)' or at 'C:\Users\ttv14slaurih\Documents\GitHub\ExtremeTetris\Extreme Tetris\Debug\vc120.pdb'; linking object as if no debug info
     1>sfml-graphics-s-d.lib(GLExtensions.cpp.obj) : warning LNK4099: PDB 'vc120.pdb' was not found with 'sfml-graphics-s-d.lib(GLExtensions.cpp.obj)' or at 'C:\Users\ttv14slaurih\Documents\GitHub\ExtremeTetris\Extreme Tetris\Debug\vc120.pdb'; linking object as if no debug info
     1>sfml-graphics-s-d.lib(Image.cpp.obj) : warning LNK4099: PDB 'vc120.pdb' was not found with 'sfml-graphics-s-d.lib(Image.cpp.obj)' or at 'C:\Users\ttv14slaurih\Documents\GitHub\ExtremeTetris\Extreme Tetris\Debug\vc120.pdb'; linking object as if no debug info
     1>sfml-graphics-s-d.lib(ImageLoader.cpp.obj) : warning LNK4099: PDB 'vc120.pdb' was not found with 'sfml-graphics-s-d.lib(ImageLoader.cpp.obj)' or at 'C:\Users\ttv14slaurih\Documents\GitHub\ExtremeTetris\Extreme Tetris\Debug\vc120.pdb'; linking object as if no debug info
     1>sfml-graphics-s-d.lib(RenderStates.cpp.obj) : warning LNK4099: PDB 'vc120.pdb' was not found with 'sfml-graphics-s-d.lib(RenderStates.cpp.obj)' or at 'C:\Users\ttv14slaurih\Documents\GitHub\ExtremeTetris\Extreme Tetris\Debug\vc120.pdb'; linking object as if no debug info
     1>sfml-graphics-s-d.lib(RenderTarget.cpp.obj) : warning LNK4099: PDB 'vc120.pdb' was not found with 'sfml-graphics-s-d.lib(RenderTarget.cpp.obj)' or at 'C:\Users\ttv14slaurih\Documents\GitHub\ExtremeTetris\Extreme Tetris\Debug\vc120.pdb'; linking object as if no debug info
     1>sfml-graphics-s-d.lib(RenderWindow.cpp.obj) : warning LNK4099: PDB 'vc120.pdb' was not found with 'sfml-graphics-s-d.lib(RenderWindow.cpp.obj)' or at 'C:\Users\ttv14slaurih\Documents\GitHub\ExtremeTetris\Extreme Tetris\Debug\vc120.pdb'; linking object as if no debug info
     1>sfml-graphics-s-d.lib(Shader.cpp.obj) : warning LNK4099: PDB 'vc120.pdb' was not found with 'sfml-graphics-s-d.lib(Shader.cpp.obj)' or at 'C:\Users\ttv14slaurih\Documents\GitHub\ExtremeTetris\Extreme Tetris\Debug\vc120.pdb'; linking object as if no debug info
     1>sfml-graphics-s-d.lib(Texture.cpp.obj) : warning LNK4099: PDB 'vc120.pdb' was not found with 'sfml-graphics-s-d.lib(Texture.cpp.obj)' or at 'C:\Users\ttv14slaurih\Documents\GitHub\ExtremeTetris\Extreme Tetris\Debug\vc120.pdb'; linking object as if no debug info
     1>sfml-graphics-s-d.lib(TextureSaver.cpp.obj) : warning LNK4099: PDB 'vc120.pdb' was not found with 'sfml-graphics-s-d.lib(TextureSaver.cpp.obj)' or at 'C:\Users\ttv14slaurih\Documents\GitHub\ExtremeTetris\Extreme Tetris\Debug\vc120.pdb'; linking object as if no debug info
     1>sfml-graphics-s-d.lib(Transform.cpp.obj) : warning LNK4099: PDB 'vc120.pdb' was not found with 'sfml-graphics-s-d.lib(Transform.cpp.obj)' or at 'C:\Users\ttv14slaurih\Documents\GitHub\ExtremeTetris\Extreme Tetris\Debug\vc120.pdb'; linking object as if no debug info
     1>sfml-graphics-s-d.lib(Transformable.cpp.obj) : warning LNK4099: PDB 'vc120.pdb' was not found with 'sfml-graphics-s-d.lib(Transformable.cpp.obj)' or at 'C:\Users\ttv14slaurih\Documents\GitHub\ExtremeTetris\Extreme Tetris\Debug\vc120.pdb'; linking object as if no debug info
     1>sfml-graphics-s-d.lib(View.cpp.obj) : warning LNK4099: PDB 'vc120.pdb' was not found with 'sfml-graphics-s-d.lib(View.cpp.obj)' or at 'C:\Users\ttv14slaurih\Documents\GitHub\ExtremeTetris\Extreme Tetris\Debug\vc120.pdb'; linking object as if no debug info
     1>sfml-graphics-s-d.lib(Vertex.cpp.obj) : warning LNK4099: PDB 'vc120.pdb' was not found with 'sfml-graphics-s-d.lib(Vertex.cpp.obj)' or at 'C:\Users\ttv14slaurih\Documents\GitHub\ExtremeTetris\Extreme Tetris\Debug\vc120.pdb'; linking object as if no debug info
     1>sfml-graphics-s-d.lib(Sprite.cpp.obj) : warning LNK4099: PDB 'vc120.pdb' was not found with 'sfml-graphics-s-d.lib(Sprite.cpp.obj)' or at 'C:\Users\ttv14slaurih\Documents\GitHub\ExtremeTetris\Extreme Tetris\Debug\vc120.pdb'; linking object as if no debug info
     1>sfml-graphics-s-d.lib(Text.cpp.obj) : warning LNK4099: PDB 'vc120.pdb' was not found with 'sfml-graphics-s-d.lib(Text.cpp.obj)' or at 'C:\Users\ttv14slaurih\Documents\GitHub\ExtremeTetris\Extreme Tetris\Debug\vc120.pdb'; linking object as if no debug info
     1>sfml-graphics-s-d.lib(VertexArray.cpp.obj) : warning LNK4099: PDB 'vc120.pdb' was not found with 'sfml-graphics-s-d.lib(VertexArray.cpp.obj)' or at 'C:\Users\ttv14slaurih\Documents\GitHub\ExtremeTetris\Extreme Tetris\Debug\vc120.pdb'; linking object as if no debug info
     1>sfml-window-s-d.lib(Context.cpp.obj) : warning LNK4099: PDB 'vc120.pdb' was not found with 'sfml-window-s-d.lib(Context.cpp.obj)' or at 'C:\Users\ttv14slaurih\Documents\GitHub\ExtremeTetris\Extreme Tetris\Debug\vc120.pdb'; linking object as if no debug info
     1>sfml-window-s-d.lib(GlContext.cpp.obj) : warning LNK4099: PDB 'vc120.pdb' was not found with 'sfml-window-s-d.lib(GlContext.cpp.obj)' or at 'C:\Users\ttv14slaurih\Documents\GitHub\ExtremeTetris\Extreme Tetris\Debug\vc120.pdb'; linking object as if no debug info
     1>sfml-window-s-d.lib(GlResource.cpp.obj) : warning LNK4099: PDB 'vc120.pdb' was not found with 'sfml-window-s-d.lib(GlResource.cpp.obj)' or at 'C:\Users\ttv14slaurih\Documents\GitHub\ExtremeTetris\Extreme Tetris\Debug\vc120.pdb'; linking object as if no debug info
     1>sfml-window-s-d.lib(Joystick.cpp.obj) : warning LNK4099: PDB 'vc120.pdb' was not found with 'sfml-window-s-d.lib(Joystick.cpp.obj)' or at 'C:\Users\ttv14slaurih\Documents\GitHub\ExtremeTetris\Extreme Tetris\Debug\vc120.pdb'; linking object as if no debug info
     1>sfml-window-s-d.lib(JoystickManager.cpp.obj) : warning LNK4099: PDB 'vc120.pdb' was not found with 'sfml-window-s-d.lib(JoystickManager.cpp.obj)' or at 'C:\Users\ttv14slaurih\Documents\GitHub\ExtremeTetris\Extreme Tetris\Debug\vc120.pdb'; linking object as if no debug info
     1>sfml-window-s-d.lib(SensorManager.cpp.obj) : warning LNK4099: PDB 'vc120.pdb' was not found with 'sfml-window-s-d.lib(SensorManager.cpp.obj)' or at 'C:\Users\ttv14slaurih\Documents\GitHub\ExtremeTetris\Extreme Tetris\Debug\vc120.pdb'; linking object as if no debug info
     1>sfml-window-s-d.lib(VideoMode.cpp.obj) : warning LNK4099: PDB 'vc120.pdb' was not found with 'sfml-window-s-d.lib(VideoMode.cpp.obj)' or at 'C:\Users\ttv14slaurih\Documents\GitHub\ExtremeTetris\Extreme Tetris\Debug\vc120.pdb'; linking object as if no debug info
     1>sfml-window-s-d.lib(Window.cpp.obj) : warning LNK4099: PDB 'vc120.pdb' was not found with 'sfml-window-s-d.lib(Window.cpp.obj)' or at 'C:\Users\ttv14slaurih\Documents\GitHub\ExtremeTetris\Extreme Tetris\Debug\vc120.pdb'; linking object as if no debug info
     1>sfml-window-s-d.lib(WindowImpl.cpp.obj) : warning LNK4099: PDB 'vc120.pdb' was not found with 'sfml-window-s-d.lib(WindowImpl.cpp.obj)' or at 'C:\Users\ttv14slaurih\Documents\GitHub\ExtremeTetris\Extreme Tetris\Debug\vc120.pdb'; linking object as if no debug info
     1>sfml-window-s-d.lib(WglContext.cpp.obj) : warning LNK4099: PDB 'vc120.pdb' was not found with 'sfml-window-s-d.lib(WglContext.cpp.obj)' or at 'C:\Users\ttv14slaurih\Documents\GitHub\ExtremeTetris\Extreme Tetris\Debug\vc120.pdb'; linking object as if no debug info
     1>sfml-window-s-d.lib(JoystickImpl.cpp.obj) : warning LNK4099: PDB 'vc120.pdb' was not found with 'sfml-window-s-d.lib(JoystickImpl.cpp.obj)' or at 'C:\Users\ttv14slaurih\Documents\GitHub\ExtremeTetris\Extreme Tetris\Debug\vc120.pdb'; linking object as if no debug info
     1>sfml-window-s-d.lib(SensorImpl.cpp.obj) : warning LNK4099: PDB 'vc120.pdb' was not found with 'sfml-window-s-d.lib(SensorImpl.cpp.obj)' or at 'C:\Users\ttv14slaurih\Documents\GitHub\ExtremeTetris\Extreme Tetris\Debug\vc120.pdb'; linking object as if no debug info
     1>sfml-window-s-d.lib(VideoModeImpl.cpp.obj) : warning LNK4099: PDB 'vc120.pdb' was not found with 'sfml-window-s-d.lib(VideoModeImpl.cpp.obj)' or at 'C:\Users\ttv14slaurih\Documents\GitHub\ExtremeTetris\Extreme Tetris\Debug\vc120.pdb'; linking object as if no debug info
     1>sfml-window-s-d.lib(WindowImplWin32.cpp.obj) : warning LNK4099: PDB 'vc120.pdb' was not found with 'sfml-window-s-d.lib(WindowImplWin32.cpp.obj)' or at 'C:\Users\ttv14slaurih\Documents\GitHub\ExtremeTetris\Extreme Tetris\Debug\vc120.pdb'; linking object as if no debug info
     1>sfml-system-s-d.lib(Clock.cpp.obj) : warning LNK4099: PDB 'vc120.pdb' was not found with 'sfml-system-s-d.lib(Clock.cpp.obj)' or at 'C:\Users\ttv14slaurih\Documents\GitHub\ExtremeTetris\Extreme Tetris\Debug\vc120.pdb'; linking object as if no debug info
     1>sfml-system-s-d.lib(Err.cpp.obj) : warning LNK4099: PDB 'vc120.pdb' was not found with 'sfml-system-s-d.lib(Err.cpp.obj)' or at 'C:\Users\ttv14slaurih\Documents\GitHub\ExtremeTetris\Extreme Tetris\Debug\vc120.pdb'; linking object as if no debug info
     1>sfml-system-s-d.lib(Lock.cpp.obj) : warning LNK4099: PDB 'vc120.pdb' was not found with 'sfml-system-s-d.lib(Lock.cpp.obj)' or at 'C:\Users\ttv14slaurih\Documents\GitHub\ExtremeTetris\Extreme Tetris\Debug\vc120.pdb'; linking object as if no debug info
     1>sfml-system-s-d.lib(Mutex.cpp.obj) : warning LNK4099: PDB 'vc120.pdb' was not found with 'sfml-system-s-d.lib(Mutex.cpp.obj)' or at 'C:\Users\ttv14slaurih\Documents\GitHub\ExtremeTetris\Extreme Tetris\Debug\vc120.pdb'; linking object as if no debug info
     1>sfml-system-s-d.lib(Sleep.cpp.obj) : warning LNK4099: PDB 'vc120.pdb' was not found with 'sfml-system-s-d.lib(Sleep.cpp.obj)' or at 'C:\Users\ttv14slaurih\Documents\GitHub\ExtremeTetris\Extreme Tetris\Debug\vc120.pdb'; linking object as if no debug info
     1>sfml-system-s-d.lib(String.cpp.obj) : warning LNK4099: PDB 'vc120.pdb' was not found with 'sfml-system-s-d.lib(String.cpp.obj)' or at 'C:\Users\ttv14slaurih\Documents\GitHub\ExtremeTetris\Extreme Tetris\Debug\vc120.pdb'; linking object as if no debug info
     1>sfml-system-s-d.lib(ThreadLocal.cpp.obj) : warning LNK4099: PDB 'vc120.pdb' was not found with 'sfml-system-s-d.lib(ThreadLocal.cpp.obj)' or at 'C:\Users\ttv14slaurih\Documents\GitHub\ExtremeTetris\Extreme Tetris\Debug\vc120.pdb'; linking object as if no debug info
     1>sfml-system-s-d.lib(Time.cpp.obj) : warning LNK4099: PDB 'vc120.pdb' was not found with 'sfml-system-s-d.lib(Time.cpp.obj)' or at 'C:\Users\ttv14slaurih\Documents\GitHub\ExtremeTetris\Extreme Tetris\Debug\vc120.pdb'; linking object as if no debug info
     1>sfml-system-s-d.lib(ClockImpl.cpp.obj) : warning LNK4099: PDB 'vc120.pdb' was not found with 'sfml-system-s-d.lib(ClockImpl.cpp.obj)' or at 'C:\Users\ttv14slaurih\Documents\GitHub\ExtremeTetris\Extreme Tetris\Debug\vc120.pdb'; linking object as if no debug info
     1>sfml-system-s-d.lib(MutexImpl.cpp.obj) : warning LNK4099: PDB 'vc120.pdb' was not found with 'sfml-system-s-d.lib(MutexImpl.cpp.obj)' or at 'C:\Users\ttv14slaurih\Documents\GitHub\ExtremeTetris\Extreme Tetris\Debug\vc120.pdb'; linking object as if no debug info
     1>sfml-system-s-d.lib(SleepImpl.cpp.obj) : warning LNK4099: PDB 'vc120.pdb' was not found with 'sfml-system-s-d.lib(SleepImpl.cpp.obj)' or at 'C:\Users\ttv14slaurih\Documents\GitHub\ExtremeTetris\Extreme Tetris\Debug\vc120.pdb'; linking object as if no debug info
     1>sfml-system-s-d.lib(ThreadLocalImpl.cpp.obj) : warning LNK4099: PDB 'vc120.pdb' was not found with 'sfml-system-s-d.lib(ThreadLocalImpl.cpp.obj)' or at 'C:\Users\ttv14slaurih\Documents\GitHub\ExtremeTetris\Extreme Tetris\Debug\vc120.pdb'; linking object as if no debug info
         Extreme Tetris.vcxproj -> C:\Users\ttv14slaurih\Documents\GitHub\ExtremeTetris\Extreme Tetris\Debug\Extreme Tetris.exe
     1>Done Building Project "C:\Users\ttv14slaurih\Documents\GitHub\ExtremeTetris\Extreme Tetris\Extreme Tetris\Extreme Tetris.vcxproj" (Build target(s)).

Build succeeded.

Time Elapsed 00:00:06.91
